<?xml version="1.0" encoding="UTF-8" ?>
<testsuite tests="14" failures="0" name="dev.java.controller1.CandidateControllerTest" time="0.374" errors="0" skipped="0">
  <properties>
[...]
</properties>
  <testcase classname="dev.java.controller1.CandidateControllerTest" name="checkSQLExceptionInDeleteEntity" time="0.062"/>
  <testcase classname="dev.java.controller1.CandidateControllerTest" name="checkInvalidInputCreateEntity" time="0.125"/>
  <testcase classname="dev.java.controller1.CandidateControllerTest" name="checkOkInUpdateEntity" time="0"/>
  <testcase classname="dev.java.controller1.CandidateControllerTest" name="checkExceptionInCreateEntity" time="0.016"/>
  <testcase classname="dev.java.controller1.CandidateControllerTest" name="checkOkInDeleteEntity" time="0"/>
  <testcase classname="dev.java.controller1.CandidateControllerTest" name="checkOkInGetEntity" time="0.078"/>
  <testcase classname="dev.java.controller1.CandidateControllerTest" name="checkNotFoundInUpdateEntity" time="0.015"/>
  <testcase classname="dev.java.controller1.CandidateControllerTest" name="checkNotFoundInDeleteEntity" time="0"/>
  <testcase classname="dev.java.controller1.CandidateControllerTest" name="checkExceptionInUpdateEntity" time="0.016"/>
  <testcase classname="dev.java.controller1.CandidateControllerTest" name="checkNotFoundInGetEntity" time="0"/>
  <testcase classname="dev.java.controller1.CandidateControllerTest" name="checkOkInCreateEntity" time="0.016"/>
  <testcase classname="dev.java.controller1.CandidateControllerTest" name="checkOkInGetAllEntities" time="0.015"/>
  <testcase classname="dev.java.controller1.CandidateControllerTest" name="checkExceptionInGetAllEntities" time="0.016"/>
  <testcase classname="dev.java.controller1.CandidateControllerTest" name="checkSQLExceptionInGetEntity" time="0.015"/>
</testsuite>