<?xml version="1.0" encoding="UTF-8" ?>
<testsuite tests="14" failures="0" name="dev.java.controller.CandidateControllerTest" time="1.934" errors="0" skipped="0">
  <properties>
[...]
</properties>
  <testcase classname="dev.java.controller.CandidateControllerTest" name="checkSQLExceptionInDeleteEntity" time="1.065"/>
  <testcase classname="dev.java.controller.CandidateControllerTest" name="checkInvalidInputCreateEntity" time="0.048"/>
  <testcase classname="dev.java.controller.CandidateControllerTest" name="checkOkInUpdateEntity" time="0.025"/>
  <testcase classname="dev.java.controller.CandidateControllerTest" name="checkOkInDeleteEntity" time="0.119"/>
  <testcase classname="dev.java.controller.CandidateControllerTest" name="checkOkInGetEntity" time="0.048"/>
  <testcase classname="dev.java.controller.CandidateControllerTest" name="checkSQLExceptionInGetAllEntities" time="0.152"/>
  <testcase classname="dev.java.controller.CandidateControllerTest" name="checkNotFoundInUpdateEntity" time="0.001"/>
  <testcase classname="dev.java.controller.CandidateControllerTest" name="checkNotFoundInDeleteEntity" time="0.013"/>
  <testcase classname="dev.java.controller.CandidateControllerTest" name="checkSQLExceptionInCreateEntity" time="0.062"/>
  <testcase classname="dev.java.controller.CandidateControllerTest" name="checkNotFoundInGetEntity" time="0.034"/>
  <testcase classname="dev.java.controller.CandidateControllerTest" name="checkOkInCreateEntity" time="0.066"/>
  <testcase classname="dev.java.controller.CandidateControllerTest" name="checkOkInGetAllEntities" time="0.141"/>
  <testcase classname="dev.java.controller.CandidateControllerTest" name="checkSQLExceptionInGetEntity" time="0.109"/>
  <testcase classname="dev.java.controller.CandidateControllerTest" name="checkSQLExceptionInUpdateEntity" time="0.051"/>
</testsuite>